build/outputs/logs/manifest-merger-debug-report.txt
-- Merging decision tree log ---
manifest
ADDED from src\main\AndroidManifest.xml:2:1-12:12
	package
		ADDED from src\main\AndroidManifest.xml:2:70-103
		INJECTED from src\main\AndroidManifest.xml
		INJECTED from src\main\AndroidManifest.xml
	android:versionName
		ADDED from src\main\AndroidManifest.xml:2:128-153
	android:versionCode
		ADDED from src\main\AndroidManifest.xml:2:104-127
		INJECTED from src\main\AndroidManifest.xml
		INJECTED from src\main\AndroidManifest.xml
	xmlns:android
		ADDED from src\main\AndroidManifest.xml:2:11-69
application
ADDED from src\main\AndroidManifest.xml:3:3-11:17
MERGED from [com.android.support:appcompat-v7:22.0.0] AndroidManifest.xml:22:5-20
MERGED from [com.android.support:support-v4:22.0.0] AndroidManifest.xml:22:5-20
	android:label
		ADDED from src\main\AndroidManifest.xml:3:16-48
	android:icon
		ADDED from src\main\AndroidManifest.xml:3:49-85
activity#com.mcoskerm.ipanotepad.IPANotepadActivity
ADDED from src\main\AndroidManifest.xml:4:5-9:16
	android:label
		ADDED from src\main\AndroidManifest.xml:4:73-105
	android:windowSoftInputMode
		ADDED from src\main\AndroidManifest.xml:4:106-153
	android:name
		ADDED from src\main\AndroidManifest.xml:4:15-72
intent-filter#android.intent.action.MAIN+android.intent.category.LAUNCHER
ADDED from src\main\AndroidManifest.xml:5:7-8:23
action#android.intent.action.MAIN
ADDED from src\main\AndroidManifest.xml:6:9-68
	android:name
		ADDED from src\main\AndroidManifest.xml:6:17-58
category#android.intent.category.LAUNCHER
ADDED from src\main\AndroidManifest.xml:7:9-78
	android:name
		ADDED from src\main\AndroidManifest.xml:7:19-66
activity#com.mcoskerm.ipanotepad.SettingsActivity
ADDED from src\main\AndroidManifest.xml:10:5-115
	android:label
		ADDED from src\main\AndroidManifest.xml:10:71-103
	android:name
		ADDED from src\main\AndroidManifest.xml:10:15-70
uses-sdk
INJECTED from src\main\AndroidManifest.xml reason: use-sdk injection requested
MERGED from [com.android.support:appcompat-v7:22.0.0] AndroidManifest.xml:20:5-43
MERGED from [com.android.support:support-v4:22.0.0] AndroidManifest.xml:20:5-43
	android:targetSdkVersion
		INJECTED from src\main\AndroidManifest.xml
		INJECTED from src\main\AndroidManifest.xml
	android:minSdkVersion
		INJECTED from src\main\AndroidManifest.xml
		INJECTED from src\main\AndroidManifest.xml